[2019-09-23 06:43:38] local.ERROR: Invalid route action: [App\Http\Controllers\ApplicationController]. {"exception":"[object] (UnexpectedValueException(code: 0): Invalid route action: [App\\Http\\Controllers\\ApplicationController]. at /Applications/XAMPP/xamppfiles/htdocs/vuesax-laravel/vendor/laravel/framework/src/Illuminate/Routing/RouteAction.php:89)
[stacktrace]
#0 /Applications/XAMPP/xamppfiles/htdocs/vuesax-laravel/vendor/laravel/framework/src/Illuminate/Routing/RouteAction.php(46): Illuminate\\Routing\\RouteAction::makeInvokable('App\\\\Http\\\\Contro...')
#1 /Applications/XAMPP/xamppfiles/htdocs/vuesax-laravel/vendor/laravel/framework/src/Illuminate/Routing/Route.php(162): Illuminate\\Routing\\RouteAction::parse('{any}', Array)
#2 /Applications/XAMPP/xamppfiles/htdocs/vuesax-laravel/vendor/laravel/framework/src/Illuminate/Routing/Route.php(141): Illuminate\\Routing\\Route->parseAction(Array)
#3 /Applications/XAMPP/xamppfiles/htdocs/vuesax-laravel/vendor/laravel/framework/src/Illuminate/Routing/Router.php(547): Illuminate\\Routing\\Route->__construct(Array, '{any}', Array)
#4 /Applications/XAMPP/xamppfiles/htdocs/vuesax-laravel/vendor/laravel/framework/src/Illuminate/Routing/Router.php(466): Illuminate\\Routing\\Router->newRoute(Array, '{any}', Array)
#5 /Applications/XAMPP/xamppfiles/htdocs/vuesax-laravel/vendor/laravel/framework/src/Illuminate/Routing/Router.php(445): Illuminate\\Routing\\Router->createRoute(Array, '/{any}', Array)
#6 /Applications/XAMPP/xamppfiles/htdocs/vuesax-laravel/vendor/laravel/framework/src/Illuminate/Routing/Router.php(144): Illuminate\\Routing\\Router->addRoute(Array, '/{any}', 'ApplicationCont...')
#7 /Applications/XAMPP/xamppfiles/htdocs/vuesax-laravel/vendor/laravel/framework/src/Illuminate/Support/Facades/Facade.php(239): Illuminate\\Routing\\Router->get('/{any}', 'ApplicationCont...')
#8 /Applications/XAMPP/xamppfiles/htdocs/vuesax-laravel/routes/web.php(14): Illuminate\\Support\\Facades\\Facade::__callStatic('get', Array)
#9 /Applications/XAMPP/xamppfiles/htdocs/vuesax-laravel/vendor/laravel/framework/src/Illuminate/Routing/RouteFileRegistrar.php(35): require('/Applications/X...')
#10 /Applications/XAMPP/xamppfiles/htdocs/vuesax-laravel/vendor/laravel/framework/src/Illuminate/Routing/Router.php(415): Illuminate\\Routing\\RouteFileRegistrar->register('/Applications/X...')
#11 /Applications/XAMPP/xamppfiles/htdocs/vuesax-laravel/vendor/laravel/framework/src/Illuminate/Routing/Router.php(373): Illuminate\\Routing\\Router->loadRoutes('/Applications/X...')
#12 /Applications/XAMPP/xamppfiles/htdocs/vuesax-laravel/vendor/laravel/framework/src/Illuminate/Routing/RouteRegistrar.php(121): Illuminate\\Routing\\Router->group(Array, '/Applications/X...')
#13 /Applications/XAMPP/xamppfiles/htdocs/vuesax-laravel/app/Providers/RouteServiceProvider.php(56): Illuminate\\Routing\\RouteRegistrar->group('/Applications/X...')
#14 /Applications/XAMPP/xamppfiles/htdocs/vuesax-laravel/app/Providers/RouteServiceProvider.php(40): App\\Providers\\RouteServiceProvider->mapWebRoutes()
#15 [internal function]: App\\Providers\\RouteServiceProvider->map()
#16 /Applications/XAMPP/xamppfiles/htdocs/vuesax-laravel/vendor/laravel/framework/src/Illuminate/Container/BoundMethod.php(32): call_user_func_array(Array, Array)
#17 /Applications/XAMPP/xamppfiles/htdocs/vuesax-laravel/vendor/laravel/framework/src/Illuminate/Container/BoundMethod.php(90): Illuminate\\Container\\BoundMethod::Illuminate\\Container\\{closure}()
#18 /Applications/XAMPP/xamppfiles/htdocs/vuesax-laravel/vendor/laravel/framework/src/Illuminate/Container/BoundMethod.php(34): Illuminate\\Container\\BoundMethod::callBoundMethod(Object(Illuminate\\Foundation\\Application), Array, Object(Closure))
#19 /Applications/XAMPP/xamppfiles/htdocs/vuesax-laravel/vendor/laravel/framework/src/Illuminate/Container/Container.php(591): Illuminate\\Container\\BoundMethod::call(Object(Illuminate\\Foundation\\Application), Array, Array, NULL)
#20 /Applications/XAMPP/xamppfiles/htdocs/vuesax-laravel/vendor/laravel/framework/src/Illuminate/Foundation/Support/Providers/RouteServiceProvider.php(87): Illuminate\\Container\\Container->call(Array)
#21 /Applications/XAMPP/xamppfiles/htdocs/vuesax-laravel/vendor/laravel/framework/src/Illuminate/Foundation/Support/Providers/RouteServiceProvider.php(36): Illuminate\\Foundation\\Support\\Providers\\RouteServiceProvider->loadRoutes()
#22 /Applications/XAMPP/xamppfiles/htdocs/vuesax-laravel/app/Providers/RouteServiceProvider.php(28): Illuminate\\Foundation\\Support\\Providers\\RouteServiceProvider->boot()
#23 [internal function]: App\\Providers\\RouteServiceProvider->boot()
#24 /Applications/XAMPP/xamppfiles/htdocs/vuesax-laravel/vendor/laravel/framework/src/Illuminate/Container/BoundMethod.php(32): call_user_func_array(Array, Array)
#25 /Applications/XAMPP/xamppfiles/htdocs/vuesax-laravel/vendor/laravel/framework/src/Illuminate/Container/BoundMethod.php(90): Illuminate\\Container\\BoundMethod::Illuminate\\Container\\{closure}()
#26 /Applications/XAMPP/xamppfiles/htdocs/vuesax-laravel/vendor/laravel/framework/src/Illuminate/Container/BoundMethod.php(34): Illuminate\\Container\\BoundMethod::callBoundMethod(Object(Illuminate\\Foundation\\Application), Array, Object(Closure))
#27 /Applications/XAMPP/xamppfiles/htdocs/vuesax-laravel/vendor/laravel/framework/src/Illuminate/Container/Container.php(591): Illuminate\\Container\\BoundMethod::call(Object(Illuminate\\Foundation\\Application), Array, Array, NULL)
#28 /Applications/XAMPP/xamppfiles/htdocs/vuesax-laravel/vendor/laravel/framework/src/Illuminate/Foundation/Application.php(828): Illuminate\\Container\\Container->call(Array)
#29 /Applications/XAMPP/xamppfiles/htdocs/vuesax-laravel/vendor/laravel/framework/src/Illuminate/Foundation/Application.php(811): Illuminate\\Foundation\\Application->bootProvider(Object(App\\Providers\\RouteServiceProvider))
#30 [internal function]: Illuminate\\Foundation\\Application->Illuminate\\Foundation\\{closure}(Object(App\\Providers\\RouteServiceProvider), 22)
#31 /Applications/XAMPP/xamppfiles/htdocs/vuesax-laravel/vendor/laravel/framework/src/Illuminate/Foundation/Application.php(812): array_walk(Array, Object(Closure))
#32 /Applications/XAMPP/xamppfiles/htdocs/vuesax-laravel/vendor/laravel/framework/src/Illuminate/Foundation/Bootstrap/BootProviders.php(17): Illuminate\\Foundation\\Application->boot()
#33 /Applications/XAMPP/xamppfiles/htdocs/vuesax-laravel/vendor/laravel/framework/src/Illuminate/Foundation/Application.php(211): Illuminate\\Foundation\\Bootstrap\\BootProviders->bootstrap(Object(Illuminate\\Foundation\\Application))
#34 /Applications/XAMPP/xamppfiles/htdocs/vuesax-laravel/vendor/laravel/framework/src/Illuminate/Foundation/Http/Kernel.php(162): Illuminate\\Foundation\\Application->bootstrapWith(Array)
#35 /Applications/XAMPP/xamppfiles/htdocs/vuesax-laravel/vendor/laravel/framework/src/Illuminate/Foundation/Http/Kernel.php(146): Illuminate\\Foundation\\Http\\Kernel->bootstrap()
#36 /Applications/XAMPP/xamppfiles/htdocs/vuesax-laravel/vendor/laravel/framework/src/Illuminate/Foundation/Http/Kernel.php(116): Illuminate\\Foundation\\Http\\Kernel->sendRequestThroughRouter(Object(Illuminate\\Http\\Request))
#37 /Applications/XAMPP/xamppfiles/htdocs/vuesax-laravel/public/index.php(55): Illuminate\\Foundation\\Http\\Kernel->handle(Object(Illuminate\\Http\\Request))
#38 /Applications/XAMPP/xamppfiles/htdocs/vuesax-laravel/server.php(21): require_once('/Applications/X...')
#39 {main}
"} 
[2019-09-23 06:44:15] local.ERROR: Invalid route action: [App\Http\Controllers\ApplicationController]. {"exception":"[object] (UnexpectedValueException(code: 0): Invalid route action: [App\\Http\\Controllers\\ApplicationController]. at /Applications/XAMPP/xamppfiles/htdocs/vuesax-laravel/vendor/laravel/framework/src/Illuminate/Routing/RouteAction.php:89)
[stacktrace]
#0 /Applications/XAMPP/xamppfiles/htdocs/vuesax-laravel/vendor/laravel/framework/src/Illuminate/Routing/RouteAction.php(46): Illuminate\\Routing\\RouteAction::makeInvokable('App\\\\Http\\\\Contro...')
#1 /Applications/XAMPP/xamppfiles/htdocs/vuesax-laravel/vendor/laravel/framework/src/Illuminate/Routing/Route.php(162): Illuminate\\Routing\\RouteAction::parse('{any}', Array)
#2 /Applications/XAMPP/xamppfiles/htdocs/vuesax-laravel/vendor/laravel/framework/src/Illuminate/Routing/Route.php(141): Illuminate\\Routing\\Route->parseAction(Array)
#3 /Applications/XAMPP/xamppfiles/htdocs/vuesax-laravel/vendor/laravel/framework/src/Illuminate/Routing/Router.php(547): Illuminate\\Routing\\Route->__construct(Array, '{any}', Array)
#4 /Applications/XAMPP/xamppfiles/htdocs/vuesax-laravel/vendor/laravel/framework/src/Illuminate/Routing/Router.php(466): Illuminate\\Routing\\Router->newRoute(Array, '{any}', Array)
#5 /Applications/XAMPP/xamppfiles/htdocs/vuesax-laravel/vendor/laravel/framework/src/Illuminate/Routing/Router.php(445): Illuminate\\Routing\\Router->createRoute(Array, '/{any}', Array)
#6 /Applications/XAMPP/xamppfiles/htdocs/vuesax-laravel/vendor/laravel/framework/src/Illuminate/Routing/Router.php(144): Illuminate\\Routing\\Router->addRoute(Array, '/{any}', 'ApplicationCont...')
#7 /Applications/XAMPP/xamppfiles/htdocs/vuesax-laravel/vendor/laravel/framework/src/Illuminate/Support/Facades/Facade.php(239): Illuminate\\Routing\\Router->get('/{any}', 'ApplicationCont...')
#8 /Applications/XAMPP/xamppfiles/htdocs/vuesax-laravel/routes/web.php(14): Illuminate\\Support\\Facades\\Facade::__callStatic('get', Array)
#9 /Applications/XAMPP/xamppfiles/htdocs/vuesax-laravel/vendor/laravel/framework/src/Illuminate/Routing/RouteFileRegistrar.php(35): require('/Applications/X...')
#10 /Applications/XAMPP/xamppfiles/htdocs/vuesax-laravel/vendor/laravel/framework/src/Illuminate/Routing/Router.php(415): Illuminate\\Routing\\RouteFileRegistrar->register('/Applications/X...')
#11 /Applications/XAMPP/xamppfiles/htdocs/vuesax-laravel/vendor/laravel/framework/src/Illuminate/Routing/Router.php(373): Illuminate\\Routing\\Router->loadRoutes('/Applications/X...')
#12 /Applications/XAMPP/xamppfiles/htdocs/vuesax-laravel/vendor/laravel/framework/src/Illuminate/Routing/RouteRegistrar.php(121): Illuminate\\Routing\\Router->group(Array, '/Applications/X...')
#13 /Applications/XAMPP/xamppfiles/htdocs/vuesax-laravel/app/Providers/RouteServiceProvider.php(56): Illuminate\\Routing\\RouteRegistrar->group('/Applications/X...')
#14 /Applications/XAMPP/xamppfiles/htdocs/vuesax-laravel/app/Providers/RouteServiceProvider.php(40): App\\Providers\\RouteServiceProvider->mapWebRoutes()
#15 [internal function]: App\\Providers\\RouteServiceProvider->map()
#16 /Applications/XAMPP/xamppfiles/htdocs/vuesax-laravel/vendor/laravel/framework/src/Illuminate/Container/BoundMethod.php(32): call_user_func_array(Array, Array)
#17 /Applications/XAMPP/xamppfiles/htdocs/vuesax-laravel/vendor/laravel/framework/src/Illuminate/Container/BoundMethod.php(90): Illuminate\\Container\\BoundMethod::Illuminate\\Container\\{closure}()
#18 /Applications/XAMPP/xamppfiles/htdocs/vuesax-laravel/vendor/laravel/framework/src/Illuminate/Container/BoundMethod.php(34): Illuminate\\Container\\BoundMethod::callBoundMethod(Object(Illuminate\\Foundation\\Application), Array, Object(Closure))
#19 /Applications/XAMPP/xamppfiles/htdocs/vuesax-laravel/vendor/laravel/framework/src/Illuminate/Container/Container.php(591): Illuminate\\Container\\BoundMethod::call(Object(Illuminate\\Foundation\\Application), Array, Array, NULL)
#20 /Applications/XAMPP/xamppfiles/htdocs/vuesax-laravel/vendor/laravel/framework/src/Illuminate/Foundation/Support/Providers/RouteServiceProvider.php(87): Illuminate\\Container\\Container->call(Array)
#21 /Applications/XAMPP/xamppfiles/htdocs/vuesax-laravel/vendor/laravel/framework/src/Illuminate/Foundation/Support/Providers/RouteServiceProvider.php(36): Illuminate\\Foundation\\Support\\Providers\\RouteServiceProvider->loadRoutes()
#22 /Applications/XAMPP/xamppfiles/htdocs/vuesax-laravel/app/Providers/RouteServiceProvider.php(28): Illuminate\\Foundation\\Support\\Providers\\RouteServiceProvider->boot()
#23 [internal function]: App\\Providers\\RouteServiceProvider->boot()
#24 /Applications/XAMPP/xamppfiles/htdocs/vuesax-laravel/vendor/laravel/framework/src/Illuminate/Container/BoundMethod.php(32): call_user_func_array(Array, Array)
#25 /Applications/XAMPP/xamppfiles/htdocs/vuesax-laravel/vendor/laravel/framework/src/Illuminate/Container/BoundMethod.php(90): Illuminate\\Container\\BoundMethod::Illuminate\\Container\\{closure}()
#26 /Applications/XAMPP/xamppfiles/htdocs/vuesax-laravel/vendor/laravel/framework/src/Illuminate/Container/BoundMethod.php(34): Illuminate\\Container\\BoundMethod::callBoundMethod(Object(Illuminate\\Foundation\\Application), Array, Object(Closure))
#27 /Applications/XAMPP/xamppfiles/htdocs/vuesax-laravel/vendor/laravel/framework/src/Illuminate/Container/Container.php(591): Illuminate\\Container\\BoundMethod::call(Object(Illuminate\\Foundation\\Application), Array, Array, NULL)
#28 /Applications/XAMPP/xamppfiles/htdocs/vuesax-laravel/vendor/laravel/framework/src/Illuminate/Foundation/Application.php(828): Illuminate\\Container\\Container->call(Array)
#29 /Applications/XAMPP/xamppfiles/htdocs/vuesax-laravel/vendor/laravel/framework/src/Illuminate/Foundation/Application.php(811): Illuminate\\Foundation\\Application->bootProvider(Object(App\\Providers\\RouteServiceProvider))
#30 [internal function]: Illuminate\\Foundation\\Application->Illuminate\\Foundation\\{closure}(Object(App\\Providers\\RouteServiceProvider), 22)
#31 /Applications/XAMPP/xamppfiles/htdocs/vuesax-laravel/vendor/laravel/framework/src/Illuminate/Foundation/Application.php(812): array_walk(Array, Object(Closure))
#32 /Applications/XAMPP/xamppfiles/htdocs/vuesax-laravel/vendor/laravel/framework/src/Illuminate/Foundation/Bootstrap/BootProviders.php(17): Illuminate\\Foundation\\Application->boot()
#33 /Applications/XAMPP/xamppfiles/htdocs/vuesax-laravel/vendor/laravel/framework/src/Illuminate/Foundation/Application.php(211): Illuminate\\Foundation\\Bootstrap\\BootProviders->bootstrap(Object(Illuminate\\Foundation\\Application))
#34 /Applications/XAMPP/xamppfiles/htdocs/vuesax-laravel/vendor/laravel/framework/src/Illuminate/Foundation/Http/Kernel.php(162): Illuminate\\Foundation\\Application->bootstrapWith(Array)
#35 /Applications/XAMPP/xamppfiles/htdocs/vuesax-laravel/vendor/laravel/framework/src/Illuminate/Foundation/Http/Kernel.php(146): Illuminate\\Foundation\\Http\\Kernel->bootstrap()
#36 /Applications/XAMPP/xamppfiles/htdocs/vuesax-laravel/vendor/laravel/framework/src/Illuminate/Foundation/Http/Kernel.php(116): Illuminate\\Foundation\\Http\\Kernel->sendRequestThroughRouter(Object(Illuminate\\Http\\Request))
#37 /Applications/XAMPP/xamppfiles/htdocs/vuesax-laravel/public/index.php(55): Illuminate\\Foundation\\Http\\Kernel->handle(Object(Illuminate\\Http\\Request))
#38 /Applications/XAMPP/xamppfiles/htdocs/vuesax-laravel/server.php(21): require_once('/Applications/X...')
#39 {main}
"} 
[2019-09-23 09:13:46] local.ERROR: Invalid route action: [App\Http\Controllers\ApplicationController]. {"exception":"[object] (UnexpectedValueException(code: 0): Invalid route action: [App\\Http\\Controllers\\ApplicationController]. at /Applications/XAMPP/xamppfiles/htdocs/vuesax-laravel/vendor/laravel/framework/src/Illuminate/Routing/RouteAction.php:89)
[stacktrace]
#0 /Applications/XAMPP/xamppfiles/htdocs/vuesax-laravel/vendor/laravel/framework/src/Illuminate/Routing/RouteAction.php(46): Illuminate\\Routing\\RouteAction::makeInvokable('App\\\\Http\\\\Contro...')
#1 /Applications/XAMPP/xamppfiles/htdocs/vuesax-laravel/vendor/laravel/framework/src/Illuminate/Routing/Route.php(162): Illuminate\\Routing\\RouteAction::parse('{any}', Array)
#2 /Applications/XAMPP/xamppfiles/htdocs/vuesax-laravel/vendor/laravel/framework/src/Illuminate/Routing/Route.php(141): Illuminate\\Routing\\Route->parseAction(Array)
#3 /Applications/XAMPP/xamppfiles/htdocs/vuesax-laravel/vendor/laravel/framework/src/Illuminate/Routing/Router.php(547): Illuminate\\Routing\\Route->__construct(Array, '{any}', Array)
#4 /Applications/XAMPP/xamppfiles/htdocs/vuesax-laravel/vendor/laravel/framework/src/Illuminate/Routing/Router.php(466): Illuminate\\Routing\\Router->newRoute(Array, '{any}', Array)
#5 /Applications/XAMPP/xamppfiles/htdocs/vuesax-laravel/vendor/laravel/framework/src/Illuminate/Routing/Router.php(445): Illuminate\\Routing\\Router->createRoute(Array, '/{any}', Array)
#6 /Applications/XAMPP/xamppfiles/htdocs/vuesax-laravel/vendor/laravel/framework/src/Illuminate/Routing/Router.php(144): Illuminate\\Routing\\Router->addRoute(Array, '/{any}', 'ApplicationCont...')
#7 /Applications/XAMPP/xamppfiles/htdocs/vuesax-laravel/vendor/laravel/framework/src/Illuminate/Support/Facades/Facade.php(239): Illuminate\\Routing\\Router->get('/{any}', 'ApplicationCont...')
#8 /Applications/XAMPP/xamppfiles/htdocs/vuesax-laravel/routes/web.php(14): Illuminate\\Support\\Facades\\Facade::__callStatic('get', Array)
#9 /Applications/XAMPP/xamppfiles/htdocs/vuesax-laravel/vendor/laravel/framework/src/Illuminate/Routing/RouteFileRegistrar.php(35): require('/Applications/X...')
#10 /Applications/XAMPP/xamppfiles/htdocs/vuesax-laravel/vendor/laravel/framework/src/Illuminate/Routing/Router.php(415): Illuminate\\Routing\\RouteFileRegistrar->register('/Applications/X...')
#11 /Applications/XAMPP/xamppfiles/htdocs/vuesax-laravel/vendor/laravel/framework/src/Illuminate/Routing/Router.php(373): Illuminate\\Routing\\Router->loadRoutes('/Applications/X...')
#12 /Applications/XAMPP/xamppfiles/htdocs/vuesax-laravel/vendor/laravel/framework/src/Illuminate/Routing/RouteRegistrar.php(121): Illuminate\\Routing\\Router->group(Array, '/Applications/X...')
#13 /Applications/XAMPP/xamppfiles/htdocs/vuesax-laravel/app/Providers/RouteServiceProvider.php(56): Illuminate\\Routing\\RouteRegistrar->group('/Applications/X...')
#14 /Applications/XAMPP/xamppfiles/htdocs/vuesax-laravel/app/Providers/RouteServiceProvider.php(40): App\\Providers\\RouteServiceProvider->mapWebRoutes()
#15 [internal function]: App\\Providers\\RouteServiceProvider->map()
#16 /Applications/XAMPP/xamppfiles/htdocs/vuesax-laravel/vendor/laravel/framework/src/Illuminate/Container/BoundMethod.php(32): call_user_func_array(Array, Array)
#17 /Applications/XAMPP/xamppfiles/htdocs/vuesax-laravel/vendor/laravel/framework/src/Illuminate/Container/BoundMethod.php(90): Illuminate\\Container\\BoundMethod::Illuminate\\Container\\{closure}()
#18 /Applications/XAMPP/xamppfiles/htdocs/vuesax-laravel/vendor/laravel/framework/src/Illuminate/Container/BoundMethod.php(34): Illuminate\\Container\\BoundMethod::callBoundMethod(Object(Illuminate\\Foundation\\Application), Array, Object(Closure))
#19 /Applications/XAMPP/xamppfiles/htdocs/vuesax-laravel/vendor/laravel/framework/src/Illuminate/Container/Container.php(591): Illuminate\\Container\\BoundMethod::call(Object(Illuminate\\Foundation\\Application), Array, Array, NULL)
#20 /Applications/XAMPP/xamppfiles/htdocs/vuesax-laravel/vendor/laravel/framework/src/Illuminate/Foundation/Support/Providers/RouteServiceProvider.php(87): Illuminate\\Container\\Container->call(Array)
#21 /Applications/XAMPP/xamppfiles/htdocs/vuesax-laravel/vendor/laravel/framework/src/Illuminate/Foundation/Support/Providers/RouteServiceProvider.php(36): Illuminate\\Foundation\\Support\\Providers\\RouteServiceProvider->loadRoutes()
#22 /Applications/XAMPP/xamppfiles/htdocs/vuesax-laravel/app/Providers/RouteServiceProvider.php(28): Illuminate\\Foundation\\Support\\Providers\\RouteServiceProvider->boot()
#23 [internal function]: App\\Providers\\RouteServiceProvider->boot()
#24 /Applications/XAMPP/xamppfiles/htdocs/vuesax-laravel/vendor/laravel/framework/src/Illuminate/Container/BoundMethod.php(32): call_user_func_array(Array, Array)
#25 /Applications/XAMPP/xamppfiles/htdocs/vuesax-laravel/vendor/laravel/framework/src/Illuminate/Container/BoundMethod.php(90): Illuminate\\Container\\BoundMethod::Illuminate\\Container\\{closure}()
#26 /Applications/XAMPP/xamppfiles/htdocs/vuesax-laravel/vendor/laravel/framework/src/Illuminate/Container/BoundMethod.php(34): Illuminate\\Container\\BoundMethod::callBoundMethod(Object(Illuminate\\Foundation\\Application), Array, Object(Closure))
#27 /Applications/XAMPP/xamppfiles/htdocs/vuesax-laravel/vendor/laravel/framework/src/Illuminate/Container/Container.php(591): Illuminate\\Container\\BoundMethod::call(Object(Illuminate\\Foundation\\Application), Array, Array, NULL)
#28 /Applications/XAMPP/xamppfiles/htdocs/vuesax-laravel/vendor/laravel/framework/src/Illuminate/Foundation/Application.php(828): Illuminate\\Container\\Container->call(Array)
#29 /Applications/XAMPP/xamppfiles/htdocs/vuesax-laravel/vendor/laravel/framework/src/Illuminate/Foundation/Application.php(811): Illuminate\\Foundation\\Application->bootProvider(Object(App\\Providers\\RouteServiceProvider))
#30 [internal function]: Illuminate\\Foundation\\Application->Illuminate\\Foundation\\{closure}(Object(App\\Providers\\RouteServiceProvider), 22)
#31 /Applications/XAMPP/xamppfiles/htdocs/vuesax-laravel/vendor/laravel/framework/src/Illuminate/Foundation/Application.php(812): array_walk(Array, Object(Closure))
#32 /Applications/XAMPP/xamppfiles/htdocs/vuesax-laravel/vendor/laravel/framework/src/Illuminate/Foundation/Bootstrap/BootProviders.php(17): Illuminate\\Foundation\\Application->boot()
#33 /Applications/XAMPP/xamppfiles/htdocs/vuesax-laravel/vendor/laravel/framework/src/Illuminate/Foundation/Application.php(211): Illuminate\\Foundation\\Bootstrap\\BootProviders->bootstrap(Object(Illuminate\\Foundation\\Application))
#34 /Applications/XAMPP/xamppfiles/htdocs/vuesax-laravel/vendor/laravel/framework/src/Illuminate/Foundation/Http/Kernel.php(162): Illuminate\\Foundation\\Application->bootstrapWith(Array)
#35 /Applications/XAMPP/xamppfiles/htdocs/vuesax-laravel/vendor/laravel/framework/src/Illuminate/Foundation/Http/Kernel.php(146): Illuminate\\Foundation\\Http\\Kernel->bootstrap()
#36 /Applications/XAMPP/xamppfiles/htdocs/vuesax-laravel/vendor/laravel/framework/src/Illuminate/Foundation/Http/Kernel.php(116): Illuminate\\Foundation\\Http\\Kernel->sendRequestThroughRouter(Object(Illuminate\\Http\\Request))
#37 /Applications/XAMPP/xamppfiles/htdocs/vuesax-laravel/public/index.php(55): Illuminate\\Foundation\\Http\\Kernel->handle(Object(Illuminate\\Http\\Request))
#38 /Applications/XAMPP/xamppfiles/htdocs/vuesax-laravel/server.php(21): require_once('/Applications/X...')
#39 {main}
"} 
[2019-09-23 09:13:48] local.ERROR: Invalid route action: [App\Http\Controllers\ApplicationController]. {"exception":"[object] (UnexpectedValueException(code: 0): Invalid route action: [App\\Http\\Controllers\\ApplicationController]. at /Applications/XAMPP/xamppfiles/htdocs/vuesax-laravel/vendor/laravel/framework/src/Illuminate/Routing/RouteAction.php:89)
[stacktrace]
#0 /Applications/XAMPP/xamppfiles/htdocs/vuesax-laravel/vendor/laravel/framework/src/Illuminate/Routing/RouteAction.php(46): Illuminate\\Routing\\RouteAction::makeInvokable('App\\\\Http\\\\Contro...')
#1 /Applications/XAMPP/xamppfiles/htdocs/vuesax-laravel/vendor/laravel/framework/src/Illuminate/Routing/Route.php(162): Illuminate\\Routing\\RouteAction::parse('{any}', Array)
#2 /Applications/XAMPP/xamppfiles/htdocs/vuesax-laravel/vendor/laravel/framework/src/Illuminate/Routing/Route.php(141): Illuminate\\Routing\\Route->parseAction(Array)
#3 /Applications/XAMPP/xamppfiles/htdocs/vuesax-laravel/vendor/laravel/framework/src/Illuminate/Routing/Router.php(547): Illuminate\\Routing\\Route->__construct(Array, '{any}', Array)
#4 /Applications/XAMPP/xamppfiles/htdocs/vuesax-laravel/vendor/laravel/framework/src/Illuminate/Routing/Router.php(466): Illuminate\\Routing\\Router->newRoute(Array, '{any}', Array)
#5 /Applications/XAMPP/xamppfiles/htdocs/vuesax-laravel/vendor/laravel/framework/src/Illuminate/Routing/Router.php(445): Illuminate\\Routing\\Router->createRoute(Array, '/{any}', Array)
#6 /Applications/XAMPP/xamppfiles/htdocs/vuesax-laravel/vendor/laravel/framework/src/Illuminate/Routing/Router.php(144): Illuminate\\Routing\\Router->addRoute(Array, '/{any}', 'ApplicationCont...')
#7 /Applications/XAMPP/xamppfiles/htdocs/vuesax-laravel/vendor/laravel/framework/src/Illuminate/Support/Facades/Facade.php(239): Illuminate\\Routing\\Router->get('/{any}', 'ApplicationCont...')
#8 /Applications/XAMPP/xamppfiles/htdocs/vuesax-laravel/routes/web.php(14): Illuminate\\Support\\Facades\\Facade::__callStatic('get', Array)
#9 /Applications/XAMPP/xamppfiles/htdocs/vuesax-laravel/vendor/laravel/framework/src/Illuminate/Routing/RouteFileRegistrar.php(35): require('/Applications/X...')
#10 /Applications/XAMPP/xamppfiles/htdocs/vuesax-laravel/vendor/laravel/framework/src/Illuminate/Routing/Router.php(415): Illuminate\\Routing\\RouteFileRegistrar->register('/Applications/X...')
#11 /Applications/XAMPP/xamppfiles/htdocs/vuesax-laravel/vendor/laravel/framework/src/Illuminate/Routing/Router.php(373): Illuminate\\Routing\\Router->loadRoutes('/Applications/X...')
#12 /Applications/XAMPP/xamppfiles/htdocs/vuesax-laravel/vendor/laravel/framework/src/Illuminate/Routing/RouteRegistrar.php(121): Illuminate\\Routing\\Router->group(Array, '/Applications/X...')
#13 /Applications/XAMPP/xamppfiles/htdocs/vuesax-laravel/app/Providers/RouteServiceProvider.php(56): Illuminate\\Routing\\RouteRegistrar->group('/Applications/X...')
#14 /Applications/XAMPP/xamppfiles/htdocs/vuesax-laravel/app/Providers/RouteServiceProvider.php(40): App\\Providers\\RouteServiceProvider->mapWebRoutes()
#15 [internal function]: App\\Providers\\RouteServiceProvider->map()
#16 /Applications/XAMPP/xamppfiles/htdocs/vuesax-laravel/vendor/laravel/framework/src/Illuminate/Container/BoundMethod.php(32): call_user_func_array(Array, Array)
#17 /Applications/XAMPP/xamppfiles/htdocs/vuesax-laravel/vendor/laravel/framework/src/Illuminate/Container/BoundMethod.php(90): Illuminate\\Container\\BoundMethod::Illuminate\\Container\\{closure}()
#18 /Applications/XAMPP/xamppfiles/htdocs/vuesax-laravel/vendor/laravel/framework/src/Illuminate/Container/BoundMethod.php(34): Illuminate\\Container\\BoundMethod::callBoundMethod(Object(Illuminate\\Foundation\\Application), Array, Object(Closure))
#19 /Applications/XAMPP/xamppfiles/htdocs/vuesax-laravel/vendor/laravel/framework/src/Illuminate/Container/Container.php(591): Illuminate\\Container\\BoundMethod::call(Object(Illuminate\\Foundation\\Application), Array, Array, NULL)
#20 /Applications/XAMPP/xamppfiles/htdocs/vuesax-laravel/vendor/laravel/framework/src/Illuminate/Foundation/Support/Providers/RouteServiceProvider.php(87): Illuminate\\Container\\Container->call(Array)
#21 /Applications/XAMPP/xamppfiles/htdocs/vuesax-laravel/vendor/laravel/framework/src/Illuminate/Foundation/Support/Providers/RouteServiceProvider.php(36): Illuminate\\Foundation\\Support\\Providers\\RouteServiceProvider->loadRoutes()
#22 /Applications/XAMPP/xamppfiles/htdocs/vuesax-laravel/app/Providers/RouteServiceProvider.php(28): Illuminate\\Foundation\\Support\\Providers\\RouteServiceProvider->boot()
#23 [internal function]: App\\Providers\\RouteServiceProvider->boot()
#24 /Applications/XAMPP/xamppfiles/htdocs/vuesax-laravel/vendor/laravel/framework/src/Illuminate/Container/BoundMethod.php(32): call_user_func_array(Array, Array)
#25 /Applications/XAMPP/xamppfiles/htdocs/vuesax-laravel/vendor/laravel/framework/src/Illuminate/Container/BoundMethod.php(90): Illuminate\\Container\\BoundMethod::Illuminate\\Container\\{closure}()
#26 /Applications/XAMPP/xamppfiles/htdocs/vuesax-laravel/vendor/laravel/framework/src/Illuminate/Container/BoundMethod.php(34): Illuminate\\Container\\BoundMethod::callBoundMethod(Object(Illuminate\\Foundation\\Application), Array, Object(Closure))
#27 /Applications/XAMPP/xamppfiles/htdocs/vuesax-laravel/vendor/laravel/framework/src/Illuminate/Container/Container.php(591): Illuminate\\Container\\BoundMethod::call(Object(Illuminate\\Foundation\\Application), Array, Array, NULL)
#28 /Applications/XAMPP/xamppfiles/htdocs/vuesax-laravel/vendor/laravel/framework/src/Illuminate/Foundation/Application.php(828): Illuminate\\Container\\Container->call(Array)
#29 /Applications/XAMPP/xamppfiles/htdocs/vuesax-laravel/vendor/laravel/framework/src/Illuminate/Foundation/Application.php(811): Illuminate\\Foundation\\Application->bootProvider(Object(App\\Providers\\RouteServiceProvider))
#30 [internal function]: Illuminate\\Foundation\\Application->Illuminate\\Foundation\\{closure}(Object(App\\Providers\\RouteServiceProvider), 22)
#31 /Applications/XAMPP/xamppfiles/htdocs/vuesax-laravel/vendor/laravel/framework/src/Illuminate/Foundation/Application.php(812): array_walk(Array, Object(Closure))
#32 /Applications/XAMPP/xamppfiles/htdocs/vuesax-laravel/vendor/laravel/framework/src/Illuminate/Foundation/Bootstrap/BootProviders.php(17): Illuminate\\Foundation\\Application->boot()
#33 /Applications/XAMPP/xamppfiles/htdocs/vuesax-laravel/vendor/laravel/framework/src/Illuminate/Foundation/Application.php(211): Illuminate\\Foundation\\Bootstrap\\BootProviders->bootstrap(Object(Illuminate\\Foundation\\Application))
#34 /Applications/XAMPP/xamppfiles/htdocs/vuesax-laravel/vendor/laravel/framework/src/Illuminate/Foundation/Http/Kernel.php(162): Illuminate\\Foundation\\Application->bootstrapWith(Array)
#35 /Applications/XAMPP/xamppfiles/htdocs/vuesax-laravel/vendor/laravel/framework/src/Illuminate/Foundation/Http/Kernel.php(146): Illuminate\\Foundation\\Http\\Kernel->bootstrap()
#36 /Applications/XAMPP/xamppfiles/htdocs/vuesax-laravel/vendor/laravel/framework/src/Illuminate/Foundation/Http/Kernel.php(116): Illuminate\\Foundation\\Http\\Kernel->sendRequestThroughRouter(Object(Illuminate\\Http\\Request))
#37 /Applications/XAMPP/xamppfiles/htdocs/vuesax-laravel/public/index.php(55): Illuminate\\Foundation\\Http\\Kernel->handle(Object(Illuminate\\Http\\Request))
#38 /Applications/XAMPP/xamppfiles/htdocs/vuesax-laravel/server.php(21): require_once('/Applications/X...')
#39 {main}
"} 
